2022-04-15 01:09:04,663 - test_all.py[line:33] - INFO: ***** 开始执行测试用例，开始时间为：2022-04-15 01:09:04 *****
2022-04-15 01:09:04,670 - test_all.py[line:48] - INFO: 正在执行测试1用例
2022-04-15 01:09:05,361 - test_all.py[line:52] - INFO: 用例执行成功，请求的结果为{"success":false,"code":99999,"message":"抱歉，系统繁忙，请稍后重试！","data":null}
2022-04-15 01:09:05,377 - test_all.py[line:40] - INFO: ***** 开始执行测试用例，开始时间为：2022-04-15 01:09:05 *****
2022-04-15 01:10:16,373 - test_all.py[line:33] - INFO: ***** 开始执行测试用例，开始时间为：2022-04-15 01:10:16 *****
2022-04-15 01:10:16,373 - test_all.py[line:48] - INFO: 正在执行测试1用例
2022-04-15 01:10:16,829 - test_all.py[line:52] - INFO: 用例执行成功，请求的结果为{"success":false,"code":99999,"message":"抱歉，系统繁忙，请稍后重试！","data":null}
2022-04-15 01:10:16,845 - test_all.py[line:64] - ERROR: 用例断言失败，预期值：True，实际值：False
2022-04-15 01:10:16,863 - test_all.py[line:40] - INFO: ***** 开始执行测试用例，开始时间为：2022-04-15 01:10:16 *****
2022-04-15 01:11:38,804 - test_all.py[line:33] - INFO: ***** 开始执行测试用例，开始时间为：2022-04-15 01:11:38 *****
2022-04-15 01:11:38,804 - test_all.py[line:48] - INFO: 正在执行测试1用例
2022-04-15 01:11:39,278 - test_all.py[line:52] - INFO: 用例执行成功，请求的结果为{"success":false,"code":99999,"message":"抱歉，系统繁忙，请稍后重试！","data":null}
2022-04-15 01:11:39,281 - test_all.py[line:64] - ERROR: 用例断言失败，预期值：True，实际值：False
2022-04-15 01:11:39,291 - test_all.py[line:40] - INFO: ***** 开始执行测试用例，开始时间为：2022-04-15 01:11:39 *****
2022-04-15 01:11:56,257 - test_all.py[line:33] - INFO: ***** 开始执行测试用例，开始时间为：2022-04-15 01:11:56 *****
2022-04-15 01:11:56,267 - test_all.py[line:48] - INFO: 正在执行测试1用例
2022-04-15 01:11:56,700 - test_all.py[line:52] - INFO: 用例执行成功，请求的结果为{"success":false,"code":99999,"message":"抱歉，系统繁忙，请稍后重试！","data":null}
2022-04-15 01:11:56,700 - test_all.py[line:64] - ERROR: 用例断言失败，预期值：True，实际值：False
2022-04-15 01:11:56,717 - test_all.py[line:40] - INFO: ***** 开始执行测试用例，开始时间为：2022-04-15 01:11:56 *****
2022-04-15 01:14:23,819 - test_all.py[line:33] - INFO: ***** 开始执行测试用例，开始时间为：2022-04-15 01:14:23 *****
2022-04-15 01:14:24,054 - test_all.py[line:40] - INFO: ***** 开始执行测试用例，开始时间为：2022-04-15 01:14:24 *****
2022-04-15 01:15:02,731 - test_all.py[line:33] - INFO: ***** 开始执行测试用例，开始时间为：2022-04-15 01:15:02 *****
2022-04-15 01:15:02,960 - test_all.py[line:49] - INFO: 正在执行测试1用例
2022-04-15 01:15:03,359 - test_all.py[line:53] - INFO: 用例执行成功，请求的结果为{"success":false,"code":99999,"message":"抱歉，系统繁忙，请稍后重试！","data":null}
2022-04-15 01:15:03,359 - test_all.py[line:65] - ERROR: 用例断言失败，预期值：True，实际值：False
2022-04-15 01:15:03,375 - test_all.py[line:40] - INFO: ***** 开始执行测试用例，开始时间为：2022-04-15 01:15:03 *****
2022-04-15 01:15:44,981 - test_all.py[line:33] - INFO: ***** 开始执行测试用例，开始时间为：2022-04-15 01:15:44 *****
2022-04-15 01:15:45,249 - test_all.py[line:50] - INFO: 正在执行测试1用例
2022-04-15 01:15:45,657 - test_all.py[line:54] - INFO: 用例执行成功，请求的结果为{"success":false,"code":99999,"message":"抱歉，系统繁忙，请稍后重试！","data":null}
2022-04-15 01:15:45,661 - test_all.py[line:66] - ERROR: 用例断言失败，预期值：True，实际值：False
2022-04-15 01:15:45,673 - test_all.py[line:40] - INFO: ***** 开始执行测试用例，开始时间为：2022-04-15 01:15:45 *****
2022-04-15 01:15:57,318 - test_all.py[line:33] - INFO: ***** 开始执行测试用例，开始时间为：2022-04-15 01:15:57 *****
2022-04-15 01:15:57,553 - test_all.py[line:40] - INFO: ***** 开始执行测试用例，开始时间为：2022-04-15 01:15:57 *****
2022-04-15 01:16:10,591 - test_all.py[line:33] - INFO: ***** 开始执行测试用例，开始时间为：2022-04-15 01:16:10 *****
2022-04-15 01:16:10,827 - test_all.py[line:50] - INFO: 正在执行测试1用例
2022-04-15 01:16:11,549 - test_all.py[line:54] - INFO: 用例执行成功，请求的结果为{"success":false,"code":99999,"message":"抱歉，系统繁忙，请稍后重试！","data":null}
2022-04-15 01:16:11,565 - test_all.py[line:66] - ERROR: 用例断言失败，预期值：True，实际值：False
2022-04-15 01:16:11,581 - test_all.py[line:40] - INFO: ***** 开始执行测试用例，开始时间为：2022-04-15 01:16:11 *****
2022-04-15 01:20:41,183 - test_all.py[line:33] - INFO: ***** 开始执行测试用例，开始时间为：2022-04-15 01:20:41 *****
2022-04-15 01:20:41,183 - test_all.py[line:50] - INFO: 正在执行测试1用例
2022-04-15 01:20:41,496 - test_all.py[line:55] - INFO: 用例执行成功，请求的结果为{"success":false,"code":99999,"message":"抱歉，系统繁忙，请稍后重试！","data":null}
2022-04-15 01:20:41,496 - test_all.py[line:68] - ERROR: 用例断言失败，预期值：True，实际值：False
2022-04-15 01:20:41,496 - test_all.py[line:40] - INFO: ***** 开始执行测试用例，开始时间为：2022-04-15 01:20:41 *****
2022-04-15 01:21:06,671 - test_all.py[line:33] - INFO: ***** 开始执行测试用例，开始时间为：2022-04-15 01:21:06 *****
2022-04-15 01:21:06,671 - test_all.py[line:50] - INFO: 正在执行测试1用例
2022-04-15 01:21:07,387 - test_all.py[line:55] - INFO: 用例执行成功，请求的结果为{"success":false,"code":99999,"message":"抱歉，系统繁忙，请稍后重试！","data":null}
2022-04-15 01:21:07,390 - test_all.py[line:68] - ERROR: 用例断言失败，预期值：True，实际值：False
2022-04-15 01:21:07,395 - test_all.py[line:40] - INFO: ***** 开始执行测试用例，开始时间为：2022-04-15 01:21:07 *****
2022-04-15 01:23:32,004 - test_all.py[line:33] - INFO: ***** 开始执行测试用例，开始时间为：2022-04-15 01:23:32 *****
2022-04-15 01:23:32,004 - test_all.py[line:50] - INFO: 正在执行测试1用例
2022-04-15 01:23:32,600 - test_all.py[line:55] - INFO: 用例执行成功，请求的结果为{"success":false,"code":99999,"message":"抱歉，系统繁忙，请稍后重试！","data":null}
2022-04-15 01:23:32,616 - test_all.py[line:68] - ERROR: 用例断言失败，预期值：True，实际值：False
2022-04-15 01:23:32,616 - test_all.py[line:40] - INFO: ***** 开始执行测试用例，开始时间为：2022-04-15 01:23:32 *****
2022-04-15 01:24:53,329 - test_all.py[line:33] - INFO: ***** 开始执行测试用例，开始时间为：2022-04-15 01:24:53 *****
2022-04-15 01:24:53,329 - test_all.py[line:50] - INFO: 正在执行测试1用例
2022-04-15 01:24:53,800 - test_all.py[line:55] - INFO: 用例执行成功，请求的结果为{"success":false,"code":99999,"message":"抱歉，系统繁忙，请稍后重试！","data":null}
2022-04-15 01:24:53,800 - test_all.py[line:68] - ERROR: 用例断言失败，预期值：True，实际值：False
2022-04-15 01:24:53,815 - test_all.py[line:40] - INFO: ***** 开始执行测试用例，开始时间为：2022-04-15 01:24:53 *****
2022-04-15 01:26:26,436 - test_all.py[line:33] - INFO: ***** 开始执行测试用例，开始时间为：2022-04-15 01:26:26 *****
2022-04-15 01:26:26,436 - test_all.py[line:50] - INFO: 正在执行测试1用例
2022-04-15 01:26:26,876 - test_all.py[line:55] - INFO: 用例执行成功，请求的结果为{"success":false,"code":99999,"message":"抱歉，系统繁忙，请稍后重试！","data":null}
2022-04-15 01:26:26,892 - test_all.py[line:40] - INFO: ***** 开始执行测试用例，开始时间为：2022-04-15 01:26:26 *****
2022-04-15 01:26:52,998 - test_all.py[line:33] - INFO: ***** 开始执行测试用例，开始时间为：2022-04-15 01:26:52 *****
2022-04-15 01:26:52,998 - test_all.py[line:50] - INFO: 正在执行测试1用例
2022-04-15 01:26:53,406 - test_all.py[line:55] - INFO: 用例执行成功，请求的结果为{"success":false,"code":99999,"message":"抱歉，系统繁忙，请稍后重试！","data":null}
2022-04-15 01:26:53,422 - test_all.py[line:68] - ERROR: 用例断言失败，预期值：True，实际值：False
2022-04-15 01:26:53,437 - test_all.py[line:40] - INFO: ***** 开始执行测试用例，开始时间为：2022-04-15 01:26:53 *****
2022-04-15 01:27:24,819 - test_all.py[line:33] - INFO: ***** 开始执行测试用例，开始时间为：2022-04-15 01:27:24 *****
2022-04-15 01:27:24,819 - test_all.py[line:50] - INFO: 正在执行测试1用例
2022-04-15 01:27:25,159 - test_all.py[line:55] - INFO: 用例执行成功，请求的结果为{"success":false,"code":99999,"message":"抱歉，系统繁忙，请稍后重试！","data":null}
2022-04-15 01:27:25,165 - test_all.py[line:68] - ERROR: 用例断言失败，预期值：True，实际值：False
2022-04-15 01:27:25,180 - test_all.py[line:40] - INFO: ***** 开始执行测试用例，开始时间为：2022-04-15 01:27:25 *****
2022-04-15 01:27:39,302 - test_all.py[line:33] - INFO: ***** 开始执行测试用例，开始时间为：2022-04-15 01:27:39 *****
2022-04-15 01:27:39,302 - test_all.py[line:50] - INFO: 正在执行测试1用例
2022-04-15 01:27:40,005 - test_all.py[line:55] - INFO: 用例执行成功，请求的结果为{"success":false,"code":99999,"message":"抱歉，系统繁忙，请稍后重试！","data":null}
2022-04-15 01:27:40,005 - test_all.py[line:68] - ERROR: 用例断言失败，预期值：True，实际值：False
2022-04-15 01:27:40,021 - test_all.py[line:40] - INFO: ***** 开始执行测试用例，开始时间为：2022-04-15 01:27:40 *****
2022-04-15 01:28:15,163 - test_all.py[line:33] - INFO: ***** 开始执行测试用例，开始时间为：2022-04-15 01:28:15 *****
2022-04-15 01:28:15,163 - test_all.py[line:50] - INFO: 正在执行测试1用例
2022-04-15 01:28:15,540 - test_all.py[line:55] - INFO: 用例执行成功，请求的结果为{"success":false,"code":99999,"message":"抱歉，系统繁忙，请稍后重试！","data":null}
2022-04-15 01:28:15,540 - test_all.py[line:68] - ERROR: 用例断言失败，预期值：True，实际值：False
2022-04-15 01:28:15,556 - test_all.py[line:40] - INFO: ***** 开始执行测试用例，开始时间为：2022-04-15 01:28:15 *****
2022-04-15 01:28:29,926 - test_all.py[line:33] - INFO: ***** 开始执行测试用例，开始时间为：2022-04-15 01:28:29 *****
2022-04-15 01:28:29,926 - test_all.py[line:50] - INFO: 正在执行测试1用例
2022-04-15 01:28:30,193 - test_all.py[line:40] - INFO: ***** 开始执行测试用例，开始时间为：2022-04-15 01:28:30 *****
2022-04-15 01:29:04,327 - test_all.py[line:33] - INFO: ***** 开始执行测试用例，开始时间为：2022-04-15 01:29:04 *****
2022-04-15 01:29:04,327 - test_all.py[line:50] - INFO: 正在执行测试1用例
2022-04-15 01:29:17,704 - test_all.py[line:33] - INFO: ***** 开始执行测试用例，开始时间为：2022-04-15 01:29:17 *****
2022-04-15 01:29:17,704 - test_all.py[line:50] - INFO: 正在执行测试1用例
2022-04-15 01:29:17,739 - test_all.py[line:40] - INFO: ***** 开始执行测试用例，开始时间为：2022-04-15 01:29:17 *****
2022-04-15 01:29:47,033 - test_all.py[line:33] - INFO: ***** 开始执行测试用例，开始时间为：2022-04-15 01:29:47 *****
2022-04-15 01:29:47,033 - test_all.py[line:50] - INFO: 正在执行测试1用例
2022-04-15 01:29:48,003 - test_all.py[line:55] - INFO: 用例执行成功，请求的结果为{"success":false,"code":99999,"message":"抱歉，系统繁忙，请稍后重试！","data":null}
2022-04-15 01:29:48,003 - test_all.py[line:68] - ERROR: 用例断言失败，预期值：True，实际值：False
2022-04-15 01:29:48,019 - test_all.py[line:40] - INFO: ***** 开始执行测试用例，开始时间为：2022-04-15 01:29:48 *****
2022-04-15 01:40:45,612 - test_all.py[line:33] - INFO: ***** 开始执行测试用例，开始时间为：2022-04-15 01:40:45 *****
2022-04-15 01:40:45,612 - test_all.py[line:50] - INFO: 正在执行测试1用例
2022-04-15 01:40:46,036 - test_all.py[line:55] - INFO: 用例执行成功，请求的结果为{"success":false,"code":99999,"message":"抱歉，系统繁忙，请稍后重试！","data":null}
2022-04-15 01:40:46,036 - test_all.py[line:68] - ERROR: 用例断言失败，预期值：True，实际值：False
2022-04-15 01:40:46,052 - test_all.py[line:40] - INFO: ***** 开始执行测试用例，开始时间为：2022-04-15 01:40:46 *****
2022-04-15 01:41:28,701 - test_all.py[line:33] - INFO: ***** 开始执行测试用例，开始时间为：2022-04-15 01:41:28 *****
2022-04-15 01:41:28,701 - test_all.py[line:50] - INFO: 正在执行测试1用例
2022-04-15 01:41:29,157 - test_all.py[line:55] - INFO: 用例执行成功，请求的结果为{"success":false,"code":99999,"message":"抱歉，系统繁忙，请稍后重试！","data":null}
2022-04-15 01:41:29,172 - test_all.py[line:40] - INFO: ***** 开始执行测试用例，开始时间为：2022-04-15 01:41:29 *****
2022-04-15 01:42:14,394 - test_all.py[line:33] - INFO: ***** 开始执行测试用例，开始时间为：2022-04-15 01:42:14 *****
2022-04-15 01:42:14,394 - test_all.py[line:50] - INFO: 正在执行测试1用例
2022-04-15 01:42:14,945 - test_all.py[line:40] - INFO: ***** 开始执行测试用例，开始时间为：2022-04-15 01:42:14 *****
2022-04-15 01:42:40,474 - test_all.py[line:33] - INFO: ***** 开始执行测试用例，开始时间为：2022-04-15 01:42:40 *****
2022-04-15 01:42:40,474 - test_all.py[line:50] - INFO: 正在执行测试1用例
2022-04-15 01:42:40,945 - test_all.py[line:40] - INFO: ***** 开始执行测试用例，开始时间为：2022-04-15 01:42:40 *****
2022-04-15 01:43:20,784 - test_all.py[line:33] - INFO: ***** 开始执行测试用例，开始时间为：2022-04-15 01:43:20 *****
2022-04-15 01:43:20,784 - test_all.py[line:50] - INFO: 正在执行测试1用例
2022-04-15 01:43:21,186 - test_all.py[line:55] - INFO: 用例执行成功，请求的结果为{"success":false,"code":99999,"message":"抱歉，系统繁忙，请稍后重试！","data":null}
2022-04-15 01:43:21,192 - test_all.py[line:40] - INFO: ***** 开始执行测试用例，开始时间为：2022-04-15 01:43:21 *****
2022-04-15 01:44:34,706 - test_all.py[line:33] - INFO: ***** 开始执行测试用例，开始时间为：2022-04-15 01:44:34 *****
2022-04-15 01:44:34,706 - test_all.py[line:50] - INFO: 正在执行测试1用例
2022-04-15 01:44:35,083 - test_all.py[line:55] - INFO: 用例执行成功，请求的结果为{"success":false,"code":20002,"message":"新增员工失败","data":null}
2022-04-15 01:44:35,098 - test_all.py[line:40] - INFO: ***** 开始执行测试用例，开始时间为：2022-04-15 01:44:35 *****
2022-04-15 01:45:19,175 - test_all.py[line:33] - INFO: ***** 开始执行测试用例，开始时间为：2022-04-15 01:45:19 *****
2022-04-15 01:45:19,175 - test_all.py[line:50] - INFO: 正在执行测试1用例
2022-04-15 01:45:19,552 - test_all.py[line:55] - INFO: 用例执行成功，请求的结果为{"success":true,"code":10000,"message":"操作成功！","data":{"departmentId":"1266699057968001024","id":"1514661088501809152"}}
2022-04-15 01:45:19,583 - test_all.py[line:40] - INFO: ***** 开始执行测试用例，开始时间为：2022-04-15 01:45:19 *****
2022-04-15 01:46:40,040 - test_all.py[line:33] - INFO: ***** 开始执行测试用例，开始时间为：2022-04-15 01:46:40 *****
2022-04-15 01:46:40,055 - test_all.py[line:50] - INFO: 正在执行测试1用例
2022-04-15 01:46:40,447 - test_all.py[line:55] - INFO: 用例执行成功，请求的结果为{"success":false,"code":20002,"message":"新增员工失败","data":null}
2022-04-15 01:46:40,479 - test_all.py[line:40] - INFO: ***** 开始执行测试用例，开始时间为：2022-04-15 01:46:40 *****
2022-04-15 01:47:11,142 - test_all.py[line:33] - INFO: ***** 开始执行测试用例，开始时间为：2022-04-15 01:47:11 *****
2022-04-15 01:47:11,142 - test_all.py[line:50] - INFO: 正在执行测试1用例
2022-04-15 01:47:11,581 - test_all.py[line:55] - INFO: 用例执行成功，请求的结果为{"success":true,"code":10000,"message":"操作成功！","data":{"departmentId":"1266699057968001024","id":"1514661558364520448"}}
2022-04-15 01:47:11,596 - test_all.py[line:40] - INFO: ***** 开始执行测试用例，开始时间为：2022-04-15 01:47:11 *****
2022-04-15 01:47:58,516 - test_all.py[line:33] - INFO: ***** 开始执行测试用例，开始时间为：2022-04-15 01:47:58 *****
2022-04-15 01:47:58,532 - test_all.py[line:50] - INFO: 正在执行测试1用例
2022-04-15 01:47:58,846 - test_all.py[line:55] - INFO: 用例执行成功，请求的结果为{"success":false,"code":20002,"message":"新增员工失败","data":null}
2022-04-15 01:47:58,846 - test_all.py[line:70] - ERROR: 用例断言失败，预期值：1000，实际值：20002
2022-04-15 01:47:58,861 - test_all.py[line:40] - INFO: ***** 开始执行测试用例，开始时间为：2022-04-15 01:47:58 *****
2022-04-15 01:48:40,393 - test_all.py[line:33] - INFO: ***** 开始执行测试用例，开始时间为：2022-04-15 01:48:40 *****
2022-04-15 01:48:40,393 - test_all.py[line:50] - INFO: 正在执行测试1用例
2022-04-15 01:48:40,732 - test_all.py[line:55] - INFO: 用例执行成功，请求的结果为{"success":true,"code":10000,"message":"操作成功！","data":{"departmentId":"1266699057968001024","id":"1514661932467077120"}}
2022-04-15 01:48:40,732 - test_all.py[line:70] - ERROR: 用例断言失败，预期值：1000，实际值：10000
2022-04-15 01:48:40,748 - test_all.py[line:40] - INFO: ***** 开始执行测试用例，开始时间为：2022-04-15 01:48:40 *****
2022-04-15 01:49:32,970 - test_all.py[line:33] - INFO: ***** 开始执行测试用例，开始时间为：2022-04-15 01:49:32 *****
2022-04-15 01:49:32,970 - test_all.py[line:50] - INFO: 正在执行测试1用例
2022-04-15 01:49:33,270 - test_all.py[line:55] - INFO: 用例执行成功，请求的结果为{"success":true,"code":10000,"message":"操作成功！","data":{"departmentId":"1266699057968001024","id":"1514662152789671936"}}
2022-04-15 01:49:33,271 - test_all.py[line:66] - INFO: 用例断言成功，预期值：10000，实际值：10000
2022-04-15 01:49:33,285 - test_all.py[line:40] - INFO: ***** 开始执行测试用例，开始时间为：2022-04-15 01:49:33 *****
2022-04-15 01:49:44,651 - test_all.py[line:33] - INFO: ***** 开始执行测试用例，开始时间为：2022-04-15 01:49:44 *****
2022-04-15 01:49:44,667 - test_all.py[line:50] - INFO: 正在执行测试1用例
2022-04-15 01:49:44,981 - test_all.py[line:55] - INFO: 用例执行成功，请求的结果为{"success":false,"code":20002,"message":"新增员工失败","data":null}
2022-04-15 01:49:44,981 - test_all.py[line:70] - ERROR: 用例断言失败，预期值：10000，实际值：20002
2022-04-15 01:49:44,996 - test_all.py[line:40] - INFO: ***** 开始执行测试用例，开始时间为：2022-04-15 01:49:44 *****
2022-04-15 01:50:21,893 - test_all.py[line:33] - INFO: ***** 开始执行测试用例，开始时间为：2022-04-15 01:50:21 *****
2022-04-15 01:50:21,893 - test_all.py[line:50] - INFO: 正在执行测试1用例
2022-04-15 01:50:22,254 - test_all.py[line:55] - INFO: 用例执行成功，请求的结果为{"success":false,"code":20002,"message":"新增员工失败","data":null}
2022-04-15 01:50:22,254 - test_all.py[line:66] - INFO: 用例断言成功，预期值：20002，实际值：20002
2022-04-15 01:50:22,270 - test_all.py[line:40] - INFO: ***** 开始执行测试用例，开始时间为：2022-04-15 01:50:22 *****
2022-04-15 01:50:44,851 - test_all.py[line:33] - INFO: ***** 开始执行测试用例，开始时间为：2022-04-15 01:50:44 *****
2022-04-15 01:50:44,851 - test_all.py[line:50] - INFO: 正在执行测试1用例
2022-04-15 01:50:45,188 - test_all.py[line:55] - INFO: 用例执行成功，请求的结果为{"success":false,"code":20002,"message":"新增员工失败","data":null}
2022-04-15 01:50:45,188 - test_all.py[line:66] - INFO: 用例断言成功，预期值：20002，实际值：20002
2022-04-15 01:50:45,198 - test_all.py[line:40] - INFO: ***** 开始执行测试用例，开始时间为：2022-04-15 01:50:45 *****
2022-04-15 01:51:14,559 - test_all.py[line:33] - INFO: ***** 开始执行测试用例，开始时间为：2022-04-15 01:51:14 *****
2022-04-15 01:51:14,559 - test_all.py[line:50] - INFO: 正在执行测试1用例
2022-04-15 01:51:14,889 - test_all.py[line:55] - INFO: 用例执行成功，请求的结果为{"success":false,"code":20002,"message":"新增员工失败","data":null}
2022-04-15 01:51:14,905 - test_all.py[line:40] - INFO: ***** 开始执行测试用例，开始时间为：2022-04-15 01:51:14 *****
2022-04-15 01:51:43,717 - test_all.py[line:33] - INFO: ***** 开始执行测试用例，开始时间为：2022-04-15 01:51:43 *****
2022-04-15 01:51:43,733 - test_all.py[line:50] - INFO: 正在执行测试1用例
2022-04-15 01:51:44,173 - test_all.py[line:55] - INFO: 用例执行成功，请求的结果为{"success":false,"code":20002,"message":"新增员工失败","data":null}
2022-04-15 01:51:44,173 - test_all.py[line:66] - INFO: 用例断言成功，预期值：20002，实际值：20002
2022-04-15 01:51:44,206 - test_all.py[line:40] - INFO: ***** 开始执行测试用例，开始时间为：2022-04-15 01:51:44 *****
2022-04-15 01:54:13,418 - test_all.py[line:33] - INFO: ***** 开始执行测试用例，开始时间为：2022-04-15 01:54:13 *****
2022-04-15 01:54:13,418 - test_all.py[line:50] - INFO: 正在执行测试1用例
2022-04-15 01:54:13,842 - test_all.py[line:55] - INFO: 用例执行成功，请求的结果为{"success":false,"code":20002,"message":"新增员工失败","data":null}
2022-04-15 01:54:13,842 - test_all.py[line:66] - INFO: 用例断言成功，预期值：20002，实际值：20002
2022-04-15 01:54:25,313 - test_all.py[line:33] - INFO: ***** 开始执行测试用例，开始时间为：2022-04-15 01:54:25 *****
2022-04-15 01:54:25,313 - test_all.py[line:50] - INFO: 正在执行测试1用例
2022-04-15 01:54:25,478 - test_all.py[line:55] - INFO: 用例执行成功，请求的结果为{"success":false,"code":20002,"message":"新增员工失败","data":null}
2022-04-15 01:54:25,478 - test_all.py[line:66] - INFO: 用例断言成功，预期值：20002，实际值：20002
2022-04-15 01:54:25,486 - test_all.py[line:40] - INFO: ***** 开始执行测试用例，开始时间为：2022-04-15 01:54:25 *****
2022-04-15 01:56:00,812 - test_all.py[line:33] - INFO: ***** 开始执行测试用例，开始时间为：2022-04-15 01:56:00 *****
2022-04-15 01:56:00,812 - test_all.py[line:50] - INFO: 正在执行测试1用例
2022-04-15 01:56:01,048 - test_all.py[line:55] - INFO: 用例执行成功，请求的结果为{"success":false,"code":99999,"message":"抱歉，系统繁忙，请稍后重试！","data":null}
2022-04-15 01:56:01,048 - test_all.py[line:70] - ERROR: 用例断言失败，预期值：20002，实际值：99999
2022-04-15 01:56:01,063 - test_all.py[line:40] - INFO: ***** 开始执行测试用例，开始时间为：2022-04-15 01:56:01 *****
2022-04-15 01:56:23,232 - test_all.py[line:33] - INFO: ***** 开始执行测试用例，开始时间为：2022-04-15 01:56:23 *****
2022-04-15 01:56:23,232 - test_all.py[line:50] - INFO: 正在执行测试1用例
2022-04-15 01:56:23,624 - test_all.py[line:55] - INFO: 用例执行成功，请求的结果为{"success":false,"code":20002,"message":"新增员工失败","data":null}
2022-04-15 01:56:23,640 - test_all.py[line:66] - INFO: 用例断言成功，预期值：20002，实际值：20002
2022-04-15 01:56:23,640 - test_all.py[line:40] - INFO: ***** 开始执行测试用例，开始时间为：2022-04-15 01:56:23 *****
2022-04-15 02:04:51,100 - test_all.py[line:33] - INFO: ***** 开始执行测试用例，开始时间为：2022-04-15 02:04:51 *****
2022-04-15 02:04:51,104 - test_all.py[line:50] - INFO: 正在执行测试1用例
2022-04-15 02:04:51,545 - test_all.py[line:55] - INFO: 用例执行成功，请求的结果为{"success":false,"code":20002,"message":"新增员工失败","data":null}
2022-04-15 02:04:51,548 - test_all.py[line:66] - INFO: 用例断言成功，预期值：20002，实际值：20002
2022-04-15 02:04:51,576 - test_all.py[line:40] - INFO: ***** 开始执行测试用例，开始时间为：2022-04-15 02:04:51 *****
2022-04-15 02:07:37,374 - test_all.py[line:33] - INFO: ***** 开始执行测试用例，开始时间为：2022-04-15 02:07:37 *****
2022-04-15 02:07:37,374 - test_all.py[line:50] - INFO: 正在执行测试1用例
2022-04-15 02:07:37,846 - test_all.py[line:55] - INFO: 用例执行成功，请求的结果为{"success":false,"code":20002,"message":"新增员工失败","data":null}
2022-04-15 02:07:37,846 - test_all.py[line:66] - INFO: 用例断言成功，预期值：20002，实际值：20002
2022-04-15 02:07:37,861 - test_all.py[line:40] - INFO: ***** 开始执行测试用例，开始时间为：2022-04-15 02:07:37 *****
2022-04-15 02:08:00,426 - test_all.py[line:33] - INFO: ***** 开始执行测试用例，开始时间为：2022-04-15 02:08:00 *****
2022-04-15 02:08:00,426 - test_all.py[line:50] - INFO: 正在执行测试1用例
2022-04-15 02:08:00,887 - test_all.py[line:55] - INFO: 用例执行成功，请求的结果为{"success":false,"code":20002,"message":"新增员工失败","data":null}
2022-04-15 02:08:00,887 - test_all.py[line:66] - INFO: 用例断言成功，预期值：20002，实际值：20002
2022-04-15 02:08:00,903 - test_all.py[line:40] - INFO: ***** 开始执行测试用例，开始时间为：2022-04-15 02:08:00 *****
2022-04-15 02:14:12,641 - test_all.py[line:33] - INFO: ***** 开始执行测试用例，开始时间为：2022-04-15 02:14:12 *****
2022-04-15 02:14:12,644 - test_all.py[line:50] - INFO: 正在执行测试1用例
2022-04-15 02:14:13,019 - test_all.py[line:55] - INFO: 用例执行成功，请求的结果为{"success":false,"code":20002,"message":"新增员工失败","data":null}
2022-04-15 02:14:13,022 - test_all.py[line:66] - INFO: 用例断言成功，预期值：20002，实际值：20002
2022-04-15 02:14:13,049 - test_all.py[line:40] - INFO: ***** 开始执行测试用例，开始时间为：2022-04-15 02:14:13 *****
2022-04-15 02:14:42,247 - test_all.py[line:33] - INFO: ***** 开始执行测试用例，开始时间为：2022-04-15 02:14:42 *****
2022-04-15 02:14:42,248 - test_all.py[line:50] - INFO: 正在执行测试1用例
2022-04-15 02:14:42,613 - test_all.py[line:55] - INFO: 用例执行成功，请求的结果为{"success":false,"code":20002,"message":"新增员工失败","data":null}
2022-04-15 02:14:42,614 - test_all.py[line:66] - INFO: 用例断言成功，预期值：20002，实际值：20002
2022-04-15 02:14:42,628 - test_all.py[line:40] - INFO: ***** 开始执行测试用例，开始时间为：2022-04-15 02:14:42 *****
2022-04-15 02:18:29,264 - test_all.py[line:33] - INFO: ***** 开始执行测试用例，开始时间为：2022-04-15 02:18:29 *****
2022-04-15 02:18:29,266 - test_all.py[line:50] - INFO: 正在执行测试1用例
2022-04-15 02:18:29,595 - test_all.py[line:55] - INFO: 用例执行成功，请求的结果为{"success":false,"code":20002,"message":"新增员工失败","data":null}
2022-04-15 02:18:29,597 - test_all.py[line:66] - INFO: 用例断言成功，预期值：20002，实际值：20002
2022-04-15 02:18:29,615 - test_all.py[line:40] - INFO: ***** 开始执行测试用例，开始时间为：2022-04-15 02:18:29 *****
2022-04-15 02:19:53,488 - test_all.py[line:33] - INFO: ***** 开始执行测试用例，开始时间为：2022-04-15 02:19:53 *****
2022-04-15 02:19:53,489 - test_all.py[line:50] - INFO: 正在执行测试1用例
2022-04-15 02:19:53,914 - test_all.py[line:55] - INFO: 用例执行成功，请求的结果为{"success":false,"code":20002,"message":"新增员工失败","data":null}
2022-04-15 02:19:53,917 - test_all.py[line:66] - INFO: 用例断言成功，预期值：20002，实际值：20002
2022-04-15 02:19:53,938 - test_all.py[line:40] - INFO: ***** 开始执行测试用例，开始时间为：2022-04-15 02:19:53 *****
2022-04-15 02:28:44,458 - test_all.py[line:33] - INFO: ***** 开始执行测试用例，开始时间为：2022-04-15 02:28:44 *****
2022-04-15 02:28:44,459 - test_all.py[line:50] - INFO: 正在执行测试1用例
2022-04-15 02:28:44,651 - test_all.py[line:55] - INFO: 用例执行成功，请求的结果为{"success":false,"code":20002,"message":"新增员工失败","data":null}
2022-04-15 02:28:44,654 - test_all.py[line:66] - INFO: 用例断言成功，预期值：20002，实际值：20002
2022-04-15 02:28:44,681 - test_all.py[line:40] - INFO: ***** 开始执行测试用例，开始时间为：2022-04-15 02:28:44 *****
2022-04-15 02:30:48,833 - test_all.py[line:33] - INFO: ***** 开始执行测试用例，开始时间为：2022-04-15 02:30:48 *****
2022-04-15 02:30:48,834 - test_all.py[line:50] - INFO: 正在执行测试1用例
2022-04-15 02:30:49,287 - test_all.py[line:55] - INFO: 用例执行成功，请求的结果为{"success":false,"code":20002,"message":"新增员工失败","data":null}
2022-04-15 02:30:49,289 - test_all.py[line:66] - INFO: 用例断言成功，预期值：20002，实际值：20002
2022-04-15 02:30:49,306 - test_all.py[line:40] - INFO: ***** 开始执行测试用例，开始时间为：2022-04-15 02:30:49 *****
2022-04-15 02:33:22,496 - test_all.py[line:33] - INFO: ***** 开始执行测试用例，开始时间为：2022-04-15 02:33:22 *****
2022-04-15 02:33:22,498 - test_all.py[line:50] - INFO: 正在执行测试1用例
2022-04-15 02:33:22,728 - test_all.py[line:55] - INFO: 用例执行成功，请求的结果为{"success":false,"code":20002,"message":"新增员工失败","data":null}
2022-04-15 02:33:22,731 - test_all.py[line:70] - ERROR: 用例断言失败，预期值：20001，实际值：20002
2022-04-15 02:33:22,755 - test_all.py[line:40] - INFO: ***** 开始执行测试用例，开始时间为：2022-04-15 02:33:22 *****
2022-04-15 02:34:02,688 - test_all.py[line:33] - INFO: ***** 开始执行测试用例，开始时间为：2022-04-15 02:34:02 *****
2022-04-15 02:34:02,690 - test_all.py[line:50] - INFO: 正在执行测试1用例
2022-04-15 02:34:02,980 - test_all.py[line:55] - INFO: 用例执行成功，请求的结果为{"success":false,"code":20002,"message":"新增员工失败","data":null}
2022-04-15 02:34:02,983 - test_all.py[line:70] - ERROR: 用例断言失败，预期值：20001，实际值：20002
2022-04-15 02:34:03,009 - test_all.py[line:40] - INFO: ***** 开始执行测试用例，开始时间为：2022-04-15 02:34:03 *****
2022-04-15 02:34:19,417 - test_all.py[line:33] - INFO: ***** 开始执行测试用例，开始时间为：2022-04-15 02:34:19 *****
2022-04-15 02:34:19,419 - test_all.py[line:50] - INFO: 正在执行测试1用例
2022-04-15 02:34:19,824 - test_all.py[line:55] - INFO: 用例执行成功，请求的结果为{"success":false,"code":20002,"message":"新增员工失败","data":null}
2022-04-15 02:34:19,827 - test_all.py[line:70] - ERROR: 用例断言失败，预期值：20001，实际值：20002
2022-04-15 02:34:19,843 - test_all.py[line:40] - INFO: ***** 开始执行测试用例，开始时间为：2022-04-15 02:34:19 *****
2022-04-15 02:37:15,082 - test_all.py[line:33] - INFO: ***** 开始执行测试用例，开始时间为：2022-04-15 02:37:15 *****
2022-04-15 02:37:15,085 - test_all.py[line:50] - INFO: 正在执行测试1用例
2022-04-15 02:37:15,545 - test_all.py[line:55] - INFO: 用例执行成功，请求的结果为{"success":false,"code":20002,"message":"新增员工失败","data":null}
2022-04-15 02:37:15,547 - test_all.py[line:70] - ERROR: 用例断言失败，预期值：20001，实际值：20002
2022-04-15 02:37:15,565 - test_all.py[line:40] - INFO: ***** 开始执行测试用例，开始时间为：2022-04-15 02:37:15 *****
2022-04-15 02:38:28,367 - test_all.py[line:33] - INFO: ***** 开始执行测试用例，开始时间为：2022-04-15 02:38:28 *****
2022-04-15 02:38:28,369 - test_all.py[line:50] - INFO: 正在执行测试1用例
2022-04-15 02:38:28,712 - test_all.py[line:55] - INFO: 用例执行成功，请求的结果为{"success":false,"code":20002,"message":"新增员工失败","data":null}
2022-04-15 02:38:28,713 - test_all.py[line:66] - INFO: 用例断言成功，预期值：20002，实际值：20002
2022-04-15 02:38:28,730 - test_all.py[line:40] - INFO: ***** 开始执行测试用例，开始时间为：2022-04-15 02:38:28 *****
2022-04-15 23:05:12,082 - test_all.py[line:33] - INFO: ***** 开始执行测试用例，开始时间为：2022-04-15 23:05:12 *****
2022-04-15 23:05:12,082 - test_all.py[line:50] - INFO: 正在执行测试1用例
2022-04-15 23:05:12,396 - test_all.py[line:55] - INFO: 用例执行成功，请求的结果为{"success":false,"code":20002,"message":"新增员工失败","data":null}
2022-04-15 23:05:12,396 - api.py[line:130] - INFO: 用例断言成功
2022-04-15 23:05:12,411 - test_all.py[line:40] - INFO: ***** 开始执行测试用例，开始时间为：2022-04-15 23:05:12 *****
2022-04-15 23:05:49,829 - test_all.py[line:33] - INFO: ***** 开始执行测试用例，开始时间为：2022-04-15 23:05:49 *****
2022-04-15 23:05:49,845 - test_all.py[line:50] - INFO: 正在执行测试1用例
2022-04-15 23:05:50,269 - test_all.py[line:55] - INFO: 用例执行成功，请求的结果为{"success":true,"code":10000,"message":"操作成功！","data":{"departmentId":"1266699057968001024","id":"1514983338530684928"}}
2022-04-15 23:05:50,269 - api.py[line:130] - INFO: 用例断言成功
2022-04-15 23:05:50,285 - test_all.py[line:40] - INFO: ***** 开始执行测试用例，开始时间为：2022-04-15 23:05:50 *****
2022-04-15 23:07:13,635 - test_all.py[line:33] - INFO: ***** 开始执行测试用例，开始时间为：2022-04-15 23:07:13 *****
2022-04-15 23:07:13,647 - test_all.py[line:50] - INFO: 正在执行测试1用例
2022-04-15 23:07:14,040 - test_all.py[line:55] - INFO: 用例执行成功，请求的结果为{"success":false,"code":20002,"message":"新增员工失败","data":null}
2022-04-15 23:07:14,040 - api.py[line:144] - INFO: 用例断言失败
2022-04-15 23:07:14,056 - test_all.py[line:40] - INFO: ***** 开始执行测试用例，开始时间为：2022-04-15 23:07:14 *****
2022-04-15 23:09:14,607 - test_all.py[line:33] - INFO: ***** 开始执行测试用例，开始时间为：2022-04-15 23:09:14 *****
2022-04-15 23:09:14,607 - test_all.py[line:50] - INFO: 正在执行测试1用例
2022-04-15 23:09:14,983 - test_all.py[line:55] - INFO: 用例执行成功，请求的结果为{"success":true,"code":10000,"message":"操作成功！","data":{"departmentId":"1266699057968001024","id":"1514984197184405504"}}
2022-04-15 23:09:14,983 - api.py[line:130] - INFO: 用例断言成功,预期值：10000,实际值：10000
2022-04-15 23:09:14,999 - test_all.py[line:40] - INFO: ***** 开始执行测试用例，开始时间为：2022-04-15 23:09:14 *****
2022-04-15 23:10:43,093 - test_all.py[line:33] - INFO: ***** 开始执行测试用例，开始时间为：2022-04-15 23:10:43 *****
2022-04-15 23:10:43,093 - test_all.py[line:50] - INFO: 正在执行测试1用例
2022-04-15 23:10:43,549 - test_all.py[line:55] - INFO: 用例执行成功，请求的结果为{"success":false,"code":20002,"message":"新增员工失败","data":null}
2022-04-15 23:10:43,549 - api.py[line:144] - INFO: 用例断言失败,预期值：10000,实际值：20002
2022-04-15 23:10:43,564 - test_all.py[line:40] - INFO: ***** 开始执行测试用例，开始时间为：2022-04-15 23:10:43 *****
2022-04-15 23:11:57,274 - test_all.py[line:33] - INFO: ***** 开始执行测试用例，开始时间为：2022-04-15 23:11:57 *****
2022-04-15 23:11:57,290 - test_all.py[line:48] - INFO: 正在执行测试1用例
2022-04-15 23:11:57,682 - test_all.py[line:53] - INFO: 用例执行成功，请求的结果为{"success":false,"code":20002,"message":"新增员工失败","data":null}
2022-04-15 23:11:57,682 - api.py[line:141] - INFO: 用例断言失败,预期值：10000,实际值：20002
2022-04-15 23:11:57,697 - test_all.py[line:40] - INFO: ***** 开始执行测试用例，开始时间为：2022-04-15 23:11:57 *****
2022-04-15 23:12:25,441 - test_all.py[line:33] - INFO: ***** 开始执行测试用例，开始时间为：2022-04-15 23:12:25 *****
2022-04-15 23:12:25,453 - test_all.py[line:48] - INFO: 正在执行测试1用例
2022-04-15 23:12:25,845 - test_all.py[line:53] - INFO: 用例执行成功，请求的结果为{"success":false,"code":20002,"message":"新增员工失败","data":null}
2022-04-15 23:12:25,845 - api.py[line:141] - INFO: 用例断言失败,预期值：10000,实际值：20002
2022-04-15 23:12:25,861 - test_all.py[line:40] - INFO: ***** 开始执行测试用例，开始时间为：2022-04-15 23:12:25 *****
2022-04-15 23:12:50,697 - test_all.py[line:33] - INFO: ***** 开始执行测试用例，开始时间为：2022-04-15 23:12:50 *****
2022-04-15 23:12:50,697 - test_all.py[line:48] - INFO: 正在执行测试1用例
2022-04-15 23:12:51,137 - test_all.py[line:53] - INFO: 用例执行成功，请求的结果为{"success":true,"code":10000,"message":"操作成功！","data":{"departmentId":"1266699057968001024","id":"1514985103795798016"}}
2022-04-15 23:12:51,137 - api.py[line:127] - INFO: 用例断言成功,预期值：10000,实际值：10000
2022-04-15 23:12:51,152 - test_all.py[line:40] - INFO: ***** 开始执行测试用例，开始时间为：2022-04-15 23:12:51 *****
2022-04-15 23:14:28,089 - test_all.py[line:33] - INFO: ***** 开始执行测试用例，开始时间为：2022-04-15 23:14:28 *****
2022-04-15 23:14:28,104 - test_all.py[line:48] - INFO: 正在执行测试1用例
2022-04-15 23:14:28,529 - test_all.py[line:53] - INFO: 用例执行成功，请求的结果为{"success":true,"code":10000,"message":"操作成功！","data":{"departmentId":"1266699057968001024","id":"1514985512258093056"}}
2022-04-15 23:14:28,529 - api.py[line:127] - INFO: 用例断言成功,预期值：10000,实际值：10000
2022-04-15 23:14:28,545 - test_all.py[line:40] - INFO: ***** 开始执行测试用例，开始时间为：2022-04-15 23:14:28 *****
2022-04-15 23:15:35,985 - test_all.py[line:33] - INFO: ***** 开始执行测试用例，开始时间为：2022-04-15 23:15:35 *****
2022-04-15 23:15:35,985 - test_all.py[line:48] - INFO: 正在执行测试1用例
2022-04-15 23:15:36,420 - test_all.py[line:53] - INFO: 用例执行成功，请求的结果为{"success":false,"code":20002,"message":"新增员工失败","data":null}
2022-04-15 23:15:36,420 - api.py[line:141] - INFO: 用例断言失败,预期值：10000,实际值：20002
2022-04-15 23:15:36,425 - test_all.py[line:40] - INFO: ***** 开始执行测试用例，开始时间为：2022-04-15 23:15:36 *****
2022-04-15 23:23:10,184 - test_all.py[line:33] - INFO: ***** 开始执行测试用例，开始时间为：2022-04-15 23:23:10 *****
2022-04-15 23:23:10,184 - test_all.py[line:48] - INFO: 正在执行添加员工用例
2022-04-15 23:23:10,671 - test_all.py[line:53] - INFO: 用例执行成功，请求的结果为{"success":false,"code":20002,"message":"新增员工失败","data":null}
2022-04-15 23:23:10,671 - api.py[line:141] - INFO: 用例断言失败,预期值：10000,实际值：20002
2022-04-15 23:23:10,687 - test_all.py[line:40] - INFO: ***** 开始执行测试用例，开始时间为：2022-04-15 23:23:10 *****
2022-04-15 23:23:33,204 - test_all_yaml.py[line:31] - INFO: ***** 开始执行测试用例，开始时间为：2022-04-15 23:23:33 *****
2022-04-15 23:23:33,204 - test_all_yaml.py[line:38] - INFO: ***** 开始执行测试用例，开始时间为：2022-04-15 23:23:33 *****
2022-04-15 23:24:02,893 - test_all_yaml.py[line:31] - INFO: ***** 开始执行测试用例，开始时间为：2022-04-15 23:24:02 *****
2022-04-15 23:24:02,893 - test_all_yaml.py[line:38] - INFO: ***** 开始执行测试用例，开始时间为：2022-04-15 23:24:02 *****
2022-04-15 23:24:20,322 - test_all_yaml.py[line:31] - INFO: ***** 开始执行测试用例，开始时间为：2022-04-15 23:24:20 *****
2022-04-15 23:24:20,326 - test_all_yaml.py[line:38] - INFO: ***** 开始执行测试用例，开始时间为：2022-04-15 23:24:20 *****
2022-04-15 23:24:40,276 - test_all_yaml.py[line:31] - INFO: ***** 开始执行测试用例，开始时间为：2022-04-15 23:24:40 *****
2022-04-15 23:24:40,292 - test_all_yaml.py[line:38] - INFO: ***** 开始执行测试用例，开始时间为：2022-04-15 23:24:40 *****
2022-04-15 23:24:54,030 - test_all.py[line:33] - INFO: ***** 开始执行测试用例，开始时间为：2022-04-15 23:24:54 *****
2022-04-15 23:24:54,030 - test_all.py[line:48] - INFO: 正在执行添加员工用例
2022-04-15 23:24:54,502 - test_all.py[line:53] - INFO: 用例执行成功，请求的结果为{"success":false,"code":20002,"message":"新增员工失败","data":null}
2022-04-15 23:24:54,502 - api.py[line:141] - INFO: 用例断言失败,预期值：10000,实际值：20002
2022-04-15 23:24:54,517 - test_all.py[line:40] - INFO: ***** 开始执行测试用例，开始时间为：2022-04-15 23:24:54 *****
2022-04-15 23:25:07,545 - test_all.py[line:33] - INFO: ***** 开始执行测试用例，开始时间为：2022-04-15 23:25:07 *****
2022-04-15 23:25:07,545 - test_all.py[line:47] - INFO: 正在执行添加员工用例
2022-04-15 23:25:07,819 - test_all.py[line:52] - INFO: 用例执行成功，请求的结果为{"success":false,"code":20002,"message":"新增员工失败","data":null}
2022-04-15 23:25:07,819 - api.py[line:141] - INFO: 用例断言失败,预期值：10000,实际值：20002
2022-04-15 23:25:07,835 - test_all.py[line:40] - INFO: ***** 开始执行测试用例，开始时间为：2022-04-15 23:25:07 *****
2022-04-15 23:25:26,178 - test_all.py[line:33] - INFO: ***** 开始执行测试用例，开始时间为：2022-04-15 23:25:26 *****
2022-04-15 23:25:26,187 - test_all.py[line:47] - INFO: 正在执行添加员工用例
2022-04-15 23:25:26,665 - test_all.py[line:52] - INFO: 用例执行成功，请求的结果为{"success":false,"code":20002,"message":"新增员工失败","data":null}
2022-04-15 23:25:26,665 - api.py[line:141] - INFO: 用例断言失败,预期值：10000,实际值：20002
2022-04-15 23:25:26,680 - test_all.py[line:40] - INFO: ***** 开始执行测试用例，开始时间为：2022-04-15 23:25:26 *****
2022-04-15 23:25:31,203 - test_all_yaml.py[line:31] - INFO: ***** 开始执行测试用例，开始时间为：2022-04-15 23:25:31 *****
2022-04-15 23:25:31,203 - test_all_yaml.py[line:45] - INFO: 正在执行1用例
2022-04-15 23:25:31,580 - test_all_yaml.py[line:50] - INFO: 用例执行成功，请求的结果为{"success":false,"code":20002,"message":"新增员工失败","data":null}
2022-04-15 23:25:31,580 - test_all_yaml.py[line:38] - INFO: ***** 开始执行测试用例，开始时间为：2022-04-15 23:25:31 *****
2022-04-15 23:26:32,948 - test_all_yaml.py[line:31] - INFO: ***** 开始执行测试用例，开始时间为：2022-04-15 23:26:32 *****
2022-04-15 23:26:32,957 - test_all_yaml.py[line:45] - INFO: 正在执行1用例
2022-04-15 23:26:33,231 - test_all_yaml.py[line:38] - INFO: ***** 开始执行测试用例，开始时间为：2022-04-15 23:26:33 *****
2022-04-15 23:27:10,880 - test_all_yaml.py[line:31] - INFO: ***** 开始执行测试用例，开始时间为：2022-04-15 23:27:10 *****
2022-04-15 23:27:10,896 - test_all_yaml.py[line:45] - INFO: 正在执行1用例
2022-04-15 23:27:11,320 - test_all_yaml.py[line:50] - INFO: 用例执行成功，请求的结果为{"success":false,"code":20002,"message":"新增员工失败","data":null}
2022-04-15 23:27:11,320 - test_all_yaml.py[line:38] - INFO: ***** 开始执行测试用例，开始时间为：2022-04-15 23:27:11 *****
2022-04-15 23:27:31,012 - test_all_yaml.py[line:31] - INFO: ***** 开始执行测试用例，开始时间为：2022-04-15 23:27:31 *****
2022-04-15 23:27:31,012 - test_all_yaml.py[line:45] - INFO: 正在执行1用例
2022-04-15 23:27:31,389 - test_all_yaml.py[line:50] - INFO: 用例执行成功，请求的结果为{"success":false,"code":20002,"message":"新增员工失败","data":null}
2022-04-15 23:27:31,396 - test_all_yaml.py[line:38] - INFO: ***** 开始执行测试用例，开始时间为：2022-04-15 23:27:31 *****
2022-04-15 23:28:05,895 - test_all_yaml.py[line:31] - INFO: ***** 开始执行测试用例，开始时间为：2022-04-15 23:28:05 *****
2022-04-15 23:28:05,895 - test_all_yaml.py[line:45] - INFO: 正在执行1用例
2022-04-15 23:28:06,098 - test_all_yaml.py[line:38] - INFO: ***** 开始执行测试用例，开始时间为：2022-04-15 23:28:06 *****
2022-04-15 23:28:19,323 - test_all_yaml.py[line:31] - INFO: ***** 开始执行测试用例，开始时间为：2022-04-15 23:28:19 *****
2022-04-15 23:28:19,323 - test_all_yaml.py[line:45] - INFO: 正在执行1用例
2022-04-15 23:28:19,723 - test_all_yaml.py[line:51] - INFO: 用例执行成功，请求的结果为{"success":false,"code":20002,"message":"新增员工失败","data":null}
2022-04-15 23:28:19,731 - test_all_yaml.py[line:38] - INFO: ***** 开始执行测试用例，开始时间为：2022-04-15 23:28:19 *****
2022-04-15 23:28:41,398 - test_all_yaml.py[line:31] - INFO: ***** 开始执行测试用例，开始时间为：2022-04-15 23:28:41 *****
2022-04-15 23:28:41,413 - test_all_yaml.py[line:45] - INFO: 正在执行1用例
2022-04-15 23:28:41,838 - test_all_yaml.py[line:51] - INFO: 用例执行成功，请求的结果为{"success":false,"code":20002,"message":"新增员工失败","data":null}
2022-04-15 23:28:41,838 - test_all_yaml.py[line:38] - INFO: ***** 开始执行测试用例，开始时间为：2022-04-15 23:28:41 *****
2022-04-15 23:30:54,035 - test_all_yaml.py[line:31] - INFO: ***** 开始执行测试用例，开始时间为：2022-04-15 23:30:54 *****
2022-04-15 23:30:54,035 - test_all_yaml.py[line:45] - INFO: 正在执行1用例
2022-04-15 23:30:54,349 - test_all_yaml.py[line:50] - INFO: 用例执行成功，请求的结果为{"success":false,"code":20002,"message":"新增员工失败","data":null}
2022-04-15 23:30:54,349 - test_all_yaml.py[line:69] - INFO: 用例断言失败,预期值：10000,实际值：20002
2022-04-15 23:30:54,349 - test_all_yaml.py[line:38] - INFO: ***** 开始执行测试用例，开始时间为：2022-04-15 23:30:54 *****
2022-04-15 23:30:59,215 - test_all.py[line:33] - INFO: ***** 开始执行测试用例，开始时间为：2022-04-15 23:30:59 *****
2022-04-15 23:30:59,231 - test_all.py[line:47] - INFO: 正在执行添加员工用例
2022-04-15 23:31:00,077 - test_all.py[line:52] - INFO: 用例执行成功，请求的结果为{"success":false,"code":20002,"message":"新增员工失败","data":null}
2022-04-15 23:31:00,077 - api.py[line:142] - INFO: 用例断言失败,预期值：10000,实际值：20002
2022-04-15 23:31:00,094 - test_all.py[line:40] - INFO: ***** 开始执行测试用例，开始时间为：2022-04-15 23:31:00 *****
2022-04-15 23:31:13,513 - test_all.py[line:33] - INFO: ***** 开始执行测试用例，开始时间为：2022-04-15 23:31:13 *****
2022-04-15 23:31:13,513 - test_all.py[line:47] - INFO: 正在执行添加员工用例
2022-04-15 23:31:13,905 - test_all.py[line:52] - INFO: 用例执行成功，请求的结果为{"success":false,"code":20002,"message":"新增员工失败","data":null}
2022-04-15 23:31:13,905 - api.py[line:142] - INFO: 用例断言失败,预期值：10000,实际值：20002
2022-04-15 23:31:13,921 - test_all.py[line:40] - INFO: ***** 开始执行测试用例，开始时间为：2022-04-15 23:31:13 *****
2022-04-15 23:31:48,370 - test_all.py[line:33] - INFO: ***** 开始执行测试用例，开始时间为：2022-04-15 23:31:48 *****
2022-04-15 23:31:48,370 - test_all.py[line:47] - INFO: 正在执行添加员工用例
2022-04-15 23:31:48,826 - test_all.py[line:52] - INFO: 用例执行成功，请求的结果为{"success":false,"code":20002,"message":"新增员工失败","data":null}
2022-04-15 23:31:48,826 - api.py[line:142] - INFO: 用例断言失败,预期值：10000,实际值：20002
2022-04-15 23:31:48,841 - test_all.py[line:40] - INFO: ***** 开始执行测试用例，开始时间为：2022-04-15 23:31:48 *****
2022-04-15 23:32:25,027 - test_all_yaml.py[line:31] - INFO: ***** 开始执行测试用例，开始时间为：2022-04-15 23:32:25 *****
2022-04-15 23:32:25,043 - test_all_yaml.py[line:45] - INFO: 正在执行1用例
2022-04-15 23:32:25,482 - test_all_yaml.py[line:50] - INFO: 用例执行成功，请求的结果为{"success":false,"code":20002,"message":"新增员工失败","data":null}
2022-04-15 23:32:25,482 - test_all_yaml.py[line:69] - INFO: 用例断言失败,预期值：10000,实际值：20002
2022-04-15 23:32:25,482 - test_all_yaml.py[line:38] - INFO: ***** 开始执行测试用例，开始时间为：2022-04-15 23:32:25 *****
2022-04-15 23:33:06,226 - test_all_yaml.py[line:31] - INFO: ***** 开始执行测试用例，开始时间为：2022-04-15 23:33:06 *****
2022-04-15 23:33:06,226 - test_all_yaml.py[line:45] - INFO: 正在执行1用例
2022-04-15 23:33:06,650 - test_all_yaml.py[line:51] - INFO: 用例执行成功，请求的结果为{"success":false,"code":20002,"message":"新增员工失败","data":null}
2022-04-15 23:33:06,650 - test_all_yaml.py[line:70] - INFO: 用例断言失败,预期值：20002,实际值：20002
2022-04-15 23:33:06,650 - test_all_yaml.py[line:38] - INFO: ***** 开始执行测试用例，开始时间为：2022-04-15 23:33:06 *****
2022-04-15 23:34:00,811 - test_all_yaml.py[line:31] - INFO: ***** 开始执行测试用例，开始时间为：2022-04-15 23:34:00 *****
2022-04-15 23:34:00,811 - test_all_yaml.py[line:45] - INFO: 正在执行1用例
2022-04-15 23:34:01,236 - test_all_yaml.py[line:51] - INFO: 用例执行成功，请求的结果为{"success":false,"code":20002,"message":"新增员工失败","data":null}
2022-04-15 23:34:01,236 - test_all_yaml.py[line:73] - INFO: 用例断言失败,预期值：20002,实际值：20002
2022-04-15 23:34:01,236 - test_all_yaml.py[line:38] - INFO: ***** 开始执行测试用例，开始时间为：2022-04-15 23:34:01 *****
2022-04-15 23:34:36,573 - test_all_yaml.py[line:31] - INFO: ***** 开始执行测试用例，开始时间为：2022-04-15 23:34:36 *****
2022-04-15 23:34:36,573 - test_all_yaml.py[line:45] - INFO: 正在执行1用例
2022-04-15 23:34:36,981 - test_all_yaml.py[line:51] - INFO: 用例执行成功，请求的结果为{"success":false,"code":20002,"message":"新增员工失败","data":null}
2022-04-15 23:34:36,981 - test_all_yaml.py[line:73] - INFO: 用例断言失败,预期值：20002,实际值：20002
2022-04-15 23:34:36,981 - test_all_yaml.py[line:38] - INFO: ***** 开始执行测试用例，开始时间为：2022-04-15 23:34:36 *****
2022-04-15 23:35:07,045 - test_all_yaml.py[line:31] - INFO: ***** 开始执行测试用例，开始时间为：2022-04-15 23:35:07 *****
2022-04-15 23:35:07,045 - test_all_yaml.py[line:45] - INFO: 正在执行1用例
2022-04-15 23:35:07,382 - test_all_yaml.py[line:51] - INFO: 用例执行成功，请求的结果为{"success":false,"code":20002,"message":"新增员工失败","data":null}
2022-04-15 23:35:07,382 - test_all_yaml.py[line:73] - INFO: 用例断言失败,预期值：20002,实际值：20002
2022-04-15 23:35:07,382 - test_all_yaml.py[line:38] - INFO: ***** 开始执行测试用例，开始时间为：2022-04-15 23:35:07 *****
2022-04-15 23:36:07,098 - test_all.py[line:33] - INFO: ***** 开始执行测试用例，开始时间为：2022-04-15 23:36:07 *****
2022-04-15 23:36:07,098 - test_all.py[line:47] - INFO: 正在执行添加员工用例
2022-04-15 23:36:07,490 - test_all.py[line:52] - INFO: 用例执行成功，请求的结果为{"success":false,"code":20002,"message":"新增员工失败","data":null}
2022-04-15 23:36:07,490 - api.py[line:142] - INFO: 用例断言失败,预期值：20002,实际值：20002
2022-04-15 23:36:07,506 - test_all.py[line:40] - INFO: ***** 开始执行测试用例，开始时间为：2022-04-15 23:36:07 *****
2022-04-15 23:36:36,712 - test_all.py[line:33] - INFO: ***** 开始执行测试用例，开始时间为：2022-04-15 23:36:36 *****
2022-04-15 23:36:36,712 - test_all.py[line:47] - INFO: 正在执行添加员工用例
2022-04-15 23:36:37,293 - test_all.py[line:52] - INFO: 用例执行成功，请求的结果为{"success":false,"code":20002,"message":"新增员工失败","data":null}
2022-04-15 23:36:37,297 - api.py[line:142] - INFO: 用例断言失败,预期值：20002,实际值：20002
2022-04-15 23:36:37,309 - test_all.py[line:40] - INFO: ***** 开始执行测试用例，开始时间为：2022-04-15 23:36:37 *****
2022-04-15 23:37:00,958 - test_all.py[line:33] - INFO: ***** 开始执行测试用例，开始时间为：2022-04-15 23:37:00 *****
2022-04-15 23:37:00,973 - test_all.py[line:47] - INFO: 正在执行添加员工用例
2022-04-15 23:37:01,365 - test_all.py[line:52] - INFO: 用例执行成功，请求的结果为{"success":false,"code":20002,"message":"新增员工失败","data":null}
2022-04-15 23:37:01,365 - api.py[line:128] - INFO: 用例断言成功,预期值：20002,实际值：20002
2022-04-15 23:37:01,381 - test_all.py[line:40] - INFO: ***** 开始执行测试用例，开始时间为：2022-04-15 23:37:01 *****
2022-04-15 23:37:15,642 - test_all.py[line:33] - INFO: ***** 开始执行测试用例，开始时间为：2022-04-15 23:37:15 *****
2022-04-15 23:37:15,642 - test_all.py[line:47] - INFO: 正在执行添加员工用例
2022-04-15 23:37:16,097 - test_all.py[line:52] - INFO: 用例执行成功，请求的结果为{"success":false,"code":20002,"message":"新增员工失败","data":null}
2022-04-15 23:37:16,097 - api.py[line:128] - INFO: 用例断言成功,预期值：20002,实际值：20002
2022-04-15 23:37:16,129 - test_all.py[line:40] - INFO: ***** 开始执行测试用例，开始时间为：2022-04-15 23:37:16 *****
2022-04-15 23:37:27,970 - test_all_yaml.py[line:31] - INFO: ***** 开始执行测试用例，开始时间为：2022-04-15 23:37:27 *****
2022-04-15 23:37:27,986 - test_all_yaml.py[line:45] - INFO: 正在执行1用例
2022-04-15 23:37:28,394 - test_all_yaml.py[line:51] - INFO: 用例执行成功，请求的结果为{"success":false,"code":20002,"message":"新增员工失败","data":null}
2022-04-15 23:37:28,394 - test_all_yaml.py[line:73] - INFO: 用例断言失败,预期值：20002,实际值：20002
2022-04-15 23:37:28,394 - test_all_yaml.py[line:38] - INFO: ***** 开始执行测试用例，开始时间为：2022-04-15 23:37:28 *****
2022-04-15 23:37:52,823 - test_all_yaml.py[line:31] - INFO: ***** 开始执行测试用例，开始时间为：2022-04-15 23:37:52 *****
2022-04-15 23:37:52,823 - test_all_yaml.py[line:45] - INFO: 正在执行1用例
2022-04-15 23:37:53,278 - test_all_yaml.py[line:51] - INFO: 用例执行成功，请求的结果为{"success":false,"code":20002,"message":"新增员工失败","data":null}
2022-04-15 23:37:53,278 - test_all_yaml.py[line:38] - INFO: ***** 开始执行测试用例，开始时间为：2022-04-15 23:37:53 *****
2022-04-15 23:38:06,374 - test_all_yaml.py[line:31] - INFO: ***** 开始执行测试用例，开始时间为：2022-04-15 23:38:06 *****
2022-04-15 23:38:06,374 - test_all_yaml.py[line:45] - INFO: 正在执行1用例
2022-04-15 23:38:06,795 - test_all_yaml.py[line:51] - INFO: 用例执行成功，请求的结果为{"success":false,"code":20002,"message":"新增员工失败","data":null}
2022-04-15 23:38:06,795 - test_all_yaml.py[line:38] - INFO: ***** 开始执行测试用例，开始时间为：2022-04-15 23:38:06 *****
2022-04-15 23:38:36,202 - test_all_yaml.py[line:31] - INFO: ***** 开始执行测试用例，开始时间为：2022-04-15 23:38:36 *****
2022-04-15 23:38:36,202 - test_all_yaml.py[line:45] - INFO: 正在执行新增员工用例
2022-04-15 23:38:36,595 - test_all_yaml.py[line:51] - INFO: 用例执行成功，请求的结果为{"success":false,"code":20002,"message":"新增员工失败","data":null}
2022-04-15 23:38:36,595 - test_all_yaml.py[line:38] - INFO: ***** 开始执行测试用例，开始时间为：2022-04-15 23:38:36 *****
2022-04-15 23:39:17,311 - test_all_yaml.py[line:31] - INFO: ***** 开始执行测试用例，开始时间为：2022-04-15 23:39:17 *****
2022-04-15 23:39:17,311 - test_all_yaml.py[line:45] - INFO: 正在执行新增员工用例
2022-04-15 23:39:17,763 - test_all_yaml.py[line:51] - INFO: 用例执行成功，请求的结果为{"success":false,"code":20002,"message":"新增员工失败","data":null}
2022-04-15 23:39:17,763 - test_all_yaml.py[line:38] - INFO: ***** 开始执行测试用例，开始时间为：2022-04-15 23:39:17 *****
2022-04-15 23:39:39,476 - test_all_yaml.py[line:31] - INFO: ***** 开始执行测试用例，开始时间为：2022-04-15 23:39:39 *****
2022-04-15 23:39:39,476 - test_all_yaml.py[line:45] - INFO: 正在执行新增员工用例
2022-04-15 23:39:39,869 - test_all_yaml.py[line:51] - INFO: 用例执行成功，请求的结果为{"success":false,"code":20002,"message":"新增员工失败","data":null}
2022-04-15 23:39:39,869 - test_all_yaml.py[line:64] - INFO: 用例断言成功,预期值：20002,实际值：20002
2022-04-15 23:39:39,869 - test_all_yaml.py[line:38] - INFO: ***** 开始执行测试用例，开始时间为：2022-04-15 23:39:39 *****
2022-04-15 23:47:07,036 - test_all_yaml.py[line:31] - INFO: ***** 开始执行测试用例，开始时间为：2022-04-15 23:47:07 *****
2022-04-15 23:47:07,036 - test_all_yaml.py[line:45] - INFO: 正在执行新增员工用例
2022-04-15 23:47:07,478 - test_all_yaml.py[line:52] - INFO: 用例执行成功，请求的结果为{"success":false,"code":20002,"message":"新增员工失败","data":null}
2022-04-15 23:47:07,479 - test_all_yaml.py[line:62] - INFO: 用例断言成功,预期值：20002,实际值：20002
2022-04-15 23:47:07,479 - test_all_yaml.py[line:38] - INFO: ***** 开始执行测试用例，开始时间为：2022-04-15 23:47:07 *****
2022-04-15 23:48:02,529 - test_all_yaml.py[line:31] - INFO: ***** 开始执行测试用例，开始时间为：2022-04-15 23:48:02 *****
2022-04-15 23:48:02,529 - test_all_yaml.py[line:45] - INFO: 正在执行新增员工用例
2022-04-15 23:48:02,968 - test_all_yaml.py[line:52] - INFO: 用例执行成功，请求的结果为{"success":false,"code":20002,"message":"新增员工失败","data":null}
2022-04-15 23:48:02,968 - test_all_yaml.py[line:62] - INFO: 用例断言成功,预期值：20002,实际值：20002
2022-04-15 23:48:02,968 - test_all_yaml.py[line:38] - INFO: ***** 开始执行测试用例，开始时间为：2022-04-15 23:48:02 *****
2022-04-15 23:48:27,603 - test_all.py[line:33] - INFO: ***** 开始执行测试用例，开始时间为：2022-04-15 23:48:27 *****
2022-04-15 23:48:27,619 - test_all.py[line:47] - INFO: 正在执行添加员工用例
2022-04-15 23:48:28,058 - test_all.py[line:53] - INFO: 用例执行成功，请求的结果为{"success":false,"code":20002,"message":"新增员工失败","data":null}
2022-04-15 23:48:28,058 - api.py[line:128] - INFO: 用例断言成功,预期值：20002,实际值：20002
2022-04-15 23:48:28,083 - test_all.py[line:40] - INFO: ***** 开始执行测试用例，开始时间为：2022-04-15 23:48:28 *****
2022-04-15 23:49:04,139 - test_all.py[line:33] - INFO: ***** 开始执行测试用例，开始时间为：2022-04-15 23:49:04 *****
2022-04-15 23:49:04,139 - test_all.py[line:47] - INFO: 正在执行添加员工用例
2022-04-15 23:49:04,611 - test_all.py[line:52] - INFO: 用例执行成功，请求的结果为{"success":false,"code":20002,"message":"新增员工失败","data":null}
2022-04-15 23:49:04,611 - api.py[line:128] - INFO: 用例断言成功,预期值：20002,实际值：20002
2022-04-15 23:49:04,627 - test_all.py[line:40] - INFO: ***** 开始执行测试用例，开始时间为：2022-04-15 23:49:04 *****
2022-04-15 23:49:13,547 - test_all.py[line:33] - INFO: ***** 开始执行测试用例，开始时间为：2022-04-15 23:49:13 *****
2022-04-15 23:49:13,547 - test_all.py[line:47] - INFO: 正在执行添加员工用例
2022-04-15 23:49:13,940 - test_all.py[line:52] - INFO: 用例执行成功，请求的结果为{"success":false,"code":20002,"message":"新增员工失败","data":null}
2022-04-15 23:49:13,940 - api.py[line:128] - INFO: 用例断言成功,预期值：20002,实际值：20002
2022-04-15 23:49:13,956 - test_all.py[line:40] - INFO: ***** 开始执行测试用例，开始时间为：2022-04-15 23:49:13 *****
2022-04-15 23:49:45,384 - test_all.py[line:33] - INFO: ***** 开始执行测试用例，开始时间为：2022-04-15 23:49:45 *****
2022-04-15 23:49:45,384 - test_all.py[line:47] - INFO: 正在执行添加员工用例
2022-04-15 23:49:45,894 - test_all.py[line:52] - INFO: 用例执行成功，请求的结果为{"success":false,"code":20002,"message":"新增员工失败","data":null}
2022-04-15 23:49:45,894 - api.py[line:128] - INFO: 用例断言成功,预期值：20002,实际值：20002
2022-04-15 23:49:45,909 - test_all.py[line:40] - INFO: ***** 开始执行测试用例，开始时间为：2022-04-15 23:49:45 *****
2022-04-15 23:50:04,195 - test_all.py[line:33] - INFO: ***** 开始执行测试用例，开始时间为：2022-04-15 23:50:04 *****
2022-04-15 23:50:04,195 - test_all.py[line:47] - INFO: 正在执行添加员工用例
2022-04-15 23:50:04,525 - test_all.py[line:52] - INFO: 用例执行成功，请求的结果为{"success":false,"code":20002,"message":"新增员工失败","data":null}
2022-04-15 23:50:04,525 - api.py[line:128] - INFO: 用例断言成功,预期值：20002,实际值：20002
2022-04-15 23:50:04,541 - test_all.py[line:40] - INFO: ***** 开始执行测试用例，开始时间为：2022-04-15 23:50:04 *****
2022-04-15 23:50:26,229 - test_all_yaml.py[line:31] - INFO: ***** 开始执行测试用例，开始时间为：2022-04-15 23:50:26 *****
2022-04-15 23:50:26,229 - test_all_yaml.py[line:45] - INFO: 正在执行新增员工用例
2022-04-15 23:50:26,638 - test_all_yaml.py[line:52] - INFO: 用例执行成功，请求的结果为{"success":false,"code":20002,"message":"新增员工失败","data":null}
2022-04-15 23:50:26,638 - test_all_yaml.py[line:62] - INFO: 用例断言成功,预期值：20002,实际值：20002
2022-04-15 23:50:26,638 - test_all_yaml.py[line:38] - INFO: ***** 开始执行测试用例，开始时间为：2022-04-15 23:50:26 *****
2022-04-15 23:51:37,221 - test_all_yaml.py[line:31] - INFO: ***** 开始执行测试用例，开始时间为：2022-04-15 23:51:37 *****
2022-04-15 23:51:37,221 - test_all_yaml.py[line:45] - INFO: 正在执行新增员工用例
2022-04-15 23:51:37,598 - test_all_yaml.py[line:52] - INFO: 用例执行成功，请求的结果为{"success":false,"code":20002,"message":"新增员工失败","data":null}
2022-04-15 23:51:37,598 - test_all_yaml.py[line:62] - INFO: 用例断言成功,预期值：20002,实际值：20002
2022-04-15 23:51:37,598 - test_all_yaml.py[line:38] - INFO: ***** 开始执行测试用例，开始时间为：2022-04-15 23:51:37 *****
2022-04-15 23:58:44,848 - test_all_yaml.py[line:31] - INFO: ***** 开始执行测试用例，开始时间为：2022-04-15 23:58:44 *****
2022-04-15 23:58:44,848 - test_all_yaml.py[line:45] - INFO: 正在执行新增员工用例
2022-04-15 23:58:45,334 - test_all_yaml.py[line:52] - INFO: 用例执行成功，请求的结果为{"success":true,"code":10000,"message":"操作成功！","data":{"departmentId":"1266699057968001024","id":"1514996655752069120"}}
2022-04-15 23:58:45,334 - test_all_yaml.py[line:71] - INFO: 用例断言失败,预期值：20002,实际值：10000
2022-04-15 23:58:45,334 - test_all_yaml.py[line:38] - INFO: ***** 开始执行测试用例，开始时间为：2022-04-15 23:58:45 *****
